Server listening on http://0.0.0.0:5000
2025-08-23T23:01:47.789790  0:00:00.056333 GET     [200] /api/todos
2025-08-23T23:01:54.385141  0:00:00.032099 POST    [200] /add
2025-08-23T23:01:54.631276  0:00:00.001611 GET     [200] /api/todos
2025-08-23T23:01:55.880320  0:00:00.013506 POST    [200] /toggle
2025-08-23T23:01:55.911687  0:00:00.001515 GET     [200] /api/todos
2025-08-23T23:02:52.819181  0:00:00.003108 POST    [200] /add
2025-08-23T23:02:52.883284  0:00:00.003052 GET     [200] /api/todos
2025-08-23T23:06:03.941481  0:00:00.002398 GET     [200] /api/todos
2025-08-23T23:08:16.378201  0:00:00.013202 GET     [200] /api/todos
2025-08-23T23:08:20.164519  0:00:00.019209 POST    [200] /toggle
2025-08-23T23:08:20.222838  0:00:00.008140 GET     [200] /api/todos
2025-08-23T23:08:24.323413  0:00:00.003662 POST    [200] /add
2025-08-23T23:08:24.389596  0:00:00.001404 GET     [200] /api/todos
2025-08-23T23:13:31.947550  0:00:00.015162 GET     [200] /api/todos
2025-08-23T23:13:35.752939  0:00:00.004219 GET     [200] /api/todos
2025-08-23T23:13:40.888093  0:00:00.001742 GET     [200] /api/todos
2025-08-23T23:13:44.822943  0:00:00.002207 GET     [200] /api/todos
2025-08-23T23:13:55.425714  0:00:00.001641 GET     [200] /api/todos
2025-08-23T23:15:48.046349  0:00:00.018571 GET     [200] /api/todos
2025-08-23T23:16:06.786952  0:00:00.004677 GET     [200] /api/todos
2025-08-23T23:16:11.523287  0:00:00.001535 GET     [200] /api/todos
2025-08-23T23:16:14.097651  0:00:00.005753 POST    [200] /toggle
2025-08-23T23:16:14.111535  0:00:00.001104 GET     [200] /api/todos
2025-08-23T23:16:24.233814  0:00:00.003672 POST    [200] /add
2025-08-23T23:16:24.247246  0:00:00.009963 GET     [200] /api/todos
2025-08-23T23:17:09.153549  0:00:00.003651 GET     [200] /api/todos
2025-08-23T23:23:18.690150  0:00:00.008897 GET     [200] /api/todos
2025-08-23T23:23:24.234020  0:00:00.001483 GET     [200] /api/todos
2025-08-23T23:23:26.840197  0:00:00.001769 GET     [200] /api/todos
2025-08-23T23:26:00.767909  0:00:00.002838 GET     [200] /api/todos
2025-08-23T23:26:05.707328  0:00:00.001738 GET     [200] /api/todos
2025-08-23T23:26:10.883785  0:00:00.001275 GET     [200] /api/todos
2025-08-23T23:26:37.513187  0:00:00.004586 GET     [200] /api/todos
2025-08-23T23:27:05.053470  0:00:00.002580 GET     [200] /api/todos
2025-08-23T23:27:09.469633  0:00:00.000816 GET     [200] /api/todos
2025-08-23T23:32:07.867537  0:00:00.002300 GET     [200] /api/todos
2025-08-23T23:32:18.241503  0:00:00.002122 GET     [200] /api/todos
2025-08-23T23:39:04.476555  0:00:00.005703 GET     [200] /api/todos
2025-08-23T23:39:09.714844  0:00:00.007400 POST    [200] /delete
2025-08-23T23:39:09.728673  0:00:00.001484 POST    [200] /delete
2025-08-23T23:39:09.746046  0:00:00.001695 POST    [200] /delete
2025-08-23T23:39:09.762471  0:00:00.001669 POST    [200] /delete
2025-08-23T23:39:09.808915  0:00:00.000718 GET     [200] /api/todos
2025-08-23T23:39:16.710954  0:00:00.005433 GET     [200] /api/todos
2025-08-24T07:36:09.824607  0:00:00.007262 GET     [200] /api/todos
2025-08-24T07:36:22.225412  0:00:00.003362 GET     [200] /api/todos
2025-08-24T07:36:40.120917  0:00:00.010956 POST    [200] /add
2025-08-24T07:36:40.201012  0:00:00.001821 GET     [200] /api/todos
2025-08-24T07:45:23.151601  0:00:00.004757 GET     [200] /api/todos
2025-08-24T07:45:27.617669  0:00:00.003499 GET     [200] /api/todos
2025-08-24T07:45:34.779041  0:00:00.003834 GET     [200] /api/todos
2025-08-24T07:49:42.835324  0:00:00.006972 GET     [200] /api/todos
2025-08-24T07:54:43.961591  0:00:00.004688 GET     [200] /api/todos
2025-08-24T07:54:47.287704  0:00:00.005508 GET     [200] /api/todos
2025-08-24T07:54:57.018433  0:00:00.007105 GET     [200] /api/todos
2025-08-24T08:04:20.591487  0:00:00.008856 GET     [200] /api/todos
2025-08-24T08:13:15.685445  0:00:00.009391 GET     [200] /api/todos
2025-08-24T08:27:28.351069  0:00:00.005391 GET     [200] /api/todos
2025-08-24T08:27:30.443203  0:00:00.008224 POST    [200] /delete
2025-08-24T08:27:30.481461  0:00:00.001765 GET     [200] /api/todos
2025-08-24T08:27:31.886874  0:00:00.003360 POST    [200] /delete
2025-08-24T08:27:31.902465  0:00:00.003330 GET     [200] /api/todos
2025-08-24T08:27:40.725562  0:00:00.005546 POST    [200] /add
2025-08-24T08:27:40.738083  0:00:00.002350 GET     [200] /api/todos
2025-08-24T09:01:09.494944  0:00:00.012217 GET     [200] /api/todos
2025-08-24T09:01:22.026262  0:00:00.004980 GET     [200] /api/todos
2025-08-24T09:02:04.692756  0:00:00.003702 GET     [200] /api/todos
2025-08-24T09:03:56.993749  0:00:00.013715 GET     [200] /api/todos
2025-08-24T09:14:36.218193  0:00:00.008688 GET     [200] /api/todos
2025-08-24T09:14:43.248048  0:00:00.004159 GET     [200] /api/todos
2025-08-24T09:19:07.652157  0:00:00.007246 GET     [200] /api/todos
2025-08-24T09:25:40.185687  0:00:00.011826 GET     [200] /api/todos
2025-08-24T09:25:50.060492  0:00:00.004896 GET     [200] /api/todos
2025-08-24T09:27:56.369304  0:00:00.007740 GET     [200] /api/todos
2025-08-24T09:28:33.180180  0:00:00.002871 GET     [200] /api/todos
2025-08-24T09:29:58.100635  0:00:00.011857 GET     [200] /api/todos
2025-08-24T09:30:01.330899  0:00:00.001570 GET     [200] /api/todos
2025-08-24T09:30:03.591106  0:00:00.002160 GET     [200] /api/todos
2025-08-24T09:30:08.756499  0:00:00.004498 GET     [200] /api/todos
2025-08-24T09:34:32.986585  0:00:00.004068 GET     [200] /api/todos
2025-08-24T09:34:43.745876  0:00:00.004520 GET     [200] /api/todos
